<?xml version="1.0" encoding="UTF-8"?>
<testsuite xmlns:xsi="http://www.w3.org/2001/XMLSchema-instance" xsi:noNamespaceSchemaLocation="https://maven.apache.org/surefire/maven-surefire-plugin/xsd/surefire-test-report.xsd" version="3.0.2" name="io.exoreaction.synthesis.index.SearchIndexTest" time="0.161" tests="9" errors="0" skipped="0" failures="0">
  <properties>
[...]
</properties>
  <testcase name="searchHandlesBlankQuery" classname="io.exoreaction.synthesis.index.SearchIndexTest" time="0.007"/>
  <testcase name="addAndSearchDocument" classname="io.exoreaction.synthesis.index.SearchIndexTest" time="0.038"/>
  <testcase name="searchWithTypeFilter" classname="io.exoreaction.synthesis.index.SearchIndexTest" time="0.021"/>
  <testcase name="searchByFileName" classname="io.exoreaction.synthesis.index.SearchIndexTest" time="0.012"/>
  <testcase name="updateDocumentReplacesExisting" classname="io.exoreaction.synthesis.index.SearchIndexTest" time="0.011"/>
  <testcase name="documentCountIsAccurate" classname="io.exoreaction.synthesis.index.SearchIndexTest" time="0.012"/>
  <testcase name="searchRespectsLimit" classname="io.exoreaction.synthesis.index.SearchIndexTest" time="0.042"/>
  <testcase name="searchReturnsEmptyForNoMatch" classname="io.exoreaction.synthesis.index.SearchIndexTest" time="0.005"/>
  <testcase name="deleteAllClearsIndex" classname="io.exoreaction.synthesis.index.SearchIndexTest" time="0.008"/>
</testsuite>